Arguments: 
  C:\Program Files\nodejs\node.exe C:\Program Files (x86)\Yarn\bin\yarn.js install

PATH: 
  C:\Users\wohlig\bin;C:\Program Files\Git\mingw64\bin;C:\Program Files\Git\usr\local\bin;C:\Program Files\Git\usr\bin;C:\Program Files\Git\usr\bin;C:\Program Files\Git\mingw64\bin;C:\Program Files\Git\usr\bin;C:\Users\wohlig\bin;C:\WINDOWS\system32;C:\WINDOWS;C:\WINDOWS\System32\Wbem;C:\WINDOWS\System32\WindowsPowerShell\v1.0;C:\Program Files\Git\cmd;C:\Program Files (x86)\Yarn\bin;C:\ProgramData\chocolatey\bin;C:\WINDOWS\System32\OpenSSH;C:\Program Files\nodejs;C:\Program Files\Microsoft VS Code\bin;C:\Users\wohlig\AppData\Local\Microsoft\WindowsApps;C:\Users\wohlig\AppData\Local\Yarn\bin;C:\Program Files\Docker Toolbox;C:\Users\wohlig\AppData\Local\Google\Cloud SDK\google-cloud-sdk\bin;C:\Users\wohlig\AppData\Roaming\npm;C:\Program Files\Git\usr\bin\vendor_perl;C:\Program Files\Git\usr\bin\core_perl

Yarn version: 
  1.5.1

Node version: 
  8.11.4

Platform: 
  win32 x64

npm manifest: 
  {
    "name": "kwack",
    "version": "1.1.1",
    "description": "kwack: An Ionic project",
    "devDependencies": {
      "gulp": "^3.5.6",
      "gulp-clean-css": "^3.7.0",
      "gulp-rename": "^1.2.0",
      "gulp-sass": "^3.1.0",
      "ws": "3.3.2"
    },
    "dependencies": {
      "@ionic/app-scripts": "^3.1.6",
      "angular-momentjs": "^0.2.2",
      "angular-svg-round-progressbar": "^1.1.0",
      "bourbon": "^5.0.0",
      "bower": "^1.8.4",
      "cordova-android": "^6.4.0",
      "cordova-ios": "^4.5.4",
      "cordova-plugin-camera": "^2.4.1",
      "cordova-plugin-compat": "^1.2.0",
      "cordova-plugin-console": "^1.1.0",
      "cordova-plugin-contacts": "^3.0.1",
      "cordova-plugin-device": "^1.1.7",
      "cordova-plugin-file": "^6.0.1",
      "cordova-plugin-file-transfer": "^1.7.1",
      "cordova-plugin-googleplus": "git+https://github.com/EddyVerbruggen/cordova-plugin-googleplus.git",
      "cordova-plugin-image-picker": "^1.1.3",
      "cordova-plugin-inappbrowser": "^2.0.2",
      "cordova-plugin-ionic-webview": "^1.2.1",
      "cordova-plugin-splashscreen": "^4.1.0",
      "cordova-plugin-statusbar": "^2.4.1",
      "cordova-plugin-whitelist": "^1.3.3",
      "cordova-plugin-x-socialsharing": "^5.4.0",
      "cordova.plugins.diagnostic": "^3.9.2",
      "cordova.plugins.diagnostic.api-22": "^100.0.0-api-22",
      "es6-promise-plugin": "^4.2.2",
      "gulp-concat": "^2.6.1",
      "gulp-cordova-build-android": "^1.5.1",
      "gulp-cordova-create": "^1.3.1",
      "gulp-cordova-plugin": "^2.0.1",
      "gulp-minify-css": "^1.2.4",
      "gulp-util": "^3.0.8",
      "ionic-native": "^2.9.0",
      "ionic-plugin-keyboard": "^2.2.1",
      "ng-cordova-oauth": "^0.3.0",
      "onesignal-cordova-plugin": "^2.4.1",
      "shell.js": "^2.0.9",
      "shelljs": "^0.8.2",
      "twitter-connect-plugin": "^0.6.0"
    },
    "cordova": {
      "plugins": {
        "cordova-plugin-device": {},
        "cordova-plugin-console": {},
        "cordova-plugin-whitelist": {},
        "cordova-plugin-splashscreen": {},
        "cordova-plugin-statusbar": {},
        "ionic-plugin-keyboard": {},
        "cordova-plugin-ionic-webview": {},
        "cordova-plugin-camera": {
          "CAMERA_USAGE_DESCRIPTION": " ",
          "PHOTOLIBRARY_USAGE_DESCRIPTION": " "
        },
        "cordova-plugin-image-picker": {
          "PHOTO_LIBRARY_USAGE_DESCRIPTION": " "
        },
        "cordova-plugin-file-transfer": {},
        "cordova-plugin-file": {},
        "cordova-plugin-x-socialsharing": {},
        "cordova-plugin-contacts": {},
        "cordova-plugin-compat": {},
        "cordova.plugins.diagnostic": {},
        "cordova-plugin-inappbrowser": {},
        "twitter-connect-plugin": {
          "FABRIC_KEY": "a8da4edc-16f8-4c36-9867-68e23b3ee0de"
        },
        "onesignal-cordova-plugin": {},
        "cordova-plugin-googleplus": {
          "REVERSED_CLIENT_ID": "com.googleusercontent.apps.908763420783-p0g7ao7tfieqfq58q7ema6grqti33fg2",
          "WEB_APPLICATION_CLIENT_ID": "908763420783-p0g7ao7tfieqfq58q7ema6grqti33fg2.apps.googleusercontent.com"
        }
      },
      "dependencies": {
        "@ionic/app-scripts": "^3.1.6",
        "angular-momentjs": "^0.2.2",
        "angular-svg-round-progressbar": "^1.1.0",
        "cordova-android": "^6.3.0",
        "cordova-ios": "^4.5.4",
        "cordova-plugin-camera": "^2.4.1",
        "cordova-plugin-compat": "^1.2.0",
        "cordova-plugin-console": "^1.1.0",
        "cordova-plugin-contacts": "^3.0.1",
        "cordova-plugin-device": "^1.1.7",
        "cordova-plugin-file": "^5.0.0",
        "cordova-plugin-file-transfer": "^1.7.1",
        "cordova-plugin-image-picker": "^1.1.3",
        "cordova-plugin-inappbrowser": "^2.0.2",
        "cordova-plugin-ionic-webview": "^1.1.16",
        "cordova-plugin-splashscreen": "^4.1.0",
        "cordova-plugin-statusbar": "^2.4.1",
        "cordova-plugin-whitelist": "^1.3.3",
        "cordova-plugin-x-socialsharing": "^5.2.1",
        "cordova.plugins.diagnostic": "^3.9.2",
        "cordova.plugins.diagnostic.api-22": "^100.0.0-api-22",
        "es6-promise-plugin": "^4.1.0",
        "ionic-native": "^2.9.0",
        "ionic-plugin-keyboard": "^2.2.1"
      },
      "cordova": {
        "plugins": {
          "cordova-plugin-device": {},
          "cordova-plugin-console": {},
          "cordova-plugin-whitelist": {},
          "cordova-plugin-splashscreen": {},
          "cordova-plugin-statusbar": {},
          "ionic-plugin-keyboard": {},
          "cordova-plugin-ionic-webview": {},
          "cordova.plugins.diagnostic": {},
          "cordova-plugin-camera": {
            "CAMERA_USAGE_DESCRIPTION": " ",
            "PHOTOLIBRARY_USAGE_DESCRIPTION": " "
          },
          "cordova-plugin-image-picker": {
            "PHOTO_LIBRARY_USAGE_DESCRIPTION": " "
          },
          "cordova-plugin-file-transfer": {},
          "cordova-plugin-file": {},
          "cordova-plugin-inappbrowser": {},
          "cordova-plugin-x-socialsharing": {},
          "cordova-plugin-contacts": {},
          "cordova-plugin-compat": {}
        },
        "platforms": [
          "android",
          "ios"
        ]
      },
      "cordovaPlugins": [
        "cordova-plugin-device",
        "cordova-plugin-console",
        "cordova-plugin-whitelist",
        "cordova-plugin-splashscreen",
        "cordova-plugin-statusbar",
        "ionic-plugin-keyboard"
      ],
      "cordovaPlatforms": [
        "ios",
        "android"
      ],
      "platforms": [
        "android",
        "ios"
      ]
    },
    "cordovaPlugins": [
      "cordova-plugin-device",
      "cordova-plugin-console",
      "cordova-plugin-whitelist",
      "cordova-plugin-splashscreen",
      "cordova-plugin-statusbar",
      "ionic-plugin-keyboard"
    ],
    "cordovaPlatforms": [
      "ios",
      "android"
    ]
  }

yarn manifest: 
  No manifest

Lockfile: 
  No lockfile

Trace: 
  Error: Couldn't find package "clean-css@^4.1.11" required by "@ionic/app-scripts@^3.1.6" on the "npm" registry.
      at new MessageError (C:\Program Files (x86)\Yarn\lib\cli.js:186:110)
      at PackageRequest.<anonymous> (C:\Program Files (x86)\Yarn\lib\cli.js:36274:17)
      at Generator.throw (<anonymous>)
      at step (C:\Program Files (x86)\Yarn\lib\cli.js:98:30)
      at C:\Program Files (x86)\Yarn\lib\cli.js:111:13
      at <anonymous>
      at process._tickCallback (internal/process/next_tick.js:188:7)
